{"context":"RoutesResolver","level":"\u001b[32minfo\u001b[39m","message":"AppController {/api}:","time":"2024-05-24 15:53:57","timestamp":"2024-05-24T07:53:57.633Z"}
{"context":"RouterExplorer","level":"\u001b[32minfo\u001b[39m","message":"Mapped {/api, GET} route","time":"2024-05-24 15:53:57","timestamp":"2024-05-24T07:53:57.635Z"}
{"context":"RoutesResolver","level":"\u001b[32minfo\u001b[39m","message":"UserController {/api/user}:","time":"2024-05-24 15:53:57","timestamp":"2024-05-24T07:53:57.635Z"}
{"context":"RouterExplorer","level":"\u001b[32minfo\u001b[39m","message":"Mapped {/api/user, POST} route","time":"2024-05-24 15:53:57","timestamp":"2024-05-24T07:53:57.636Z"}
{"context":"RouterExplorer","level":"\u001b[32minfo\u001b[39m","message":"Mapped {/api/user, GET} route","time":"2024-05-24 15:53:57","timestamp":"2024-05-24T07:53:57.636Z"}
{"context":"RouterExplorer","level":"\u001b[32minfo\u001b[39m","message":"Mapped {/api/user/:id, GET} route","time":"2024-05-24 15:53:57","timestamp":"2024-05-24T07:53:57.636Z"}
{"context":"RouterExplorer","level":"\u001b[32minfo\u001b[39m","message":"Mapped {/api/user/:id, PATCH} route","time":"2024-05-24 15:53:57","timestamp":"2024-05-24T07:53:57.637Z"}
{"context":"RouterExplorer","level":"\u001b[32minfo\u001b[39m","message":"Mapped {/api/user/:id, DELETE} route","time":"2024-05-24 15:53:57","timestamp":"2024-05-24T07:53:57.637Z"}
{"context":"RoutesResolver","level":"\u001b[32minfo\u001b[39m","message":"ComicController {/api/comic}:","time":"2024-05-24 15:53:57","timestamp":"2024-05-24T07:53:57.637Z"}
{"context":"RouterExplorer","level":"\u001b[32minfo\u001b[39m","message":"Mapped {/api/comic/list, GET} route","time":"2024-05-24 15:53:57","timestamp":"2024-05-24T07:53:57.637Z"}
{"context":"RouterExplorer","level":"\u001b[32minfo\u001b[39m","message":"Mapped {/api/comic/search, GET} route","time":"2024-05-24 15:53:57","timestamp":"2024-05-24T07:53:57.638Z"}
{"context":"RouterExplorer","level":"\u001b[32minfo\u001b[39m","message":"Mapped {/api/comic/chapter/detail, GET} route","time":"2024-05-24 15:53:57","timestamp":"2024-05-24T07:53:57.638Z"}
{"context":"RouterExplorer","level":"\u001b[32minfo\u001b[39m","message":"Mapped {/api/comic/chapter, GET} route","time":"2024-05-24 15:53:57","timestamp":"2024-05-24T07:53:57.638Z"}
{"context":"RouterExplorer","level":"\u001b[32minfo\u001b[39m","message":"Mapped {/api/comic/:name, GET} route","time":"2024-05-24 15:53:57","timestamp":"2024-05-24T07:53:57.638Z"}
{"context":"RoutesResolver","level":"\u001b[32minfo\u001b[39m","message":"TagController {/api/tag}:","time":"2024-05-24 15:53:57","timestamp":"2024-05-24T07:53:57.638Z"}
{"context":"RouterExplorer","level":"\u001b[32minfo\u001b[39m","message":"Mapped {/api/tag, GET} route","time":"2024-05-24 15:53:57","timestamp":"2024-05-24T07:53:57.638Z"}
{"context":"NestApplication","level":"\u001b[32minfo\u001b[39m","message":"Nest application successfully started","time":"2024-05-24 15:53:57","timestamp":"2024-05-24T07:53:57.639Z"}
{"context":"RoutesResolver","level":"\u001b[32minfo\u001b[39m","message":"AppController {/api}:","time":"2024-05-24 15:56:09","timestamp":"2024-05-24T07:56:09.388Z"}
{"context":"RouterExplorer","level":"\u001b[32minfo\u001b[39m","message":"Mapped {/api, GET} route","time":"2024-05-24 15:56:09","timestamp":"2024-05-24T07:56:09.389Z"}
{"context":"RoutesResolver","level":"\u001b[32minfo\u001b[39m","message":"UserController {/api/user}:","time":"2024-05-24 15:56:09","timestamp":"2024-05-24T07:56:09.390Z"}
{"context":"RouterExplorer","level":"\u001b[32minfo\u001b[39m","message":"Mapped {/api/user, POST} route","time":"2024-05-24 15:56:09","timestamp":"2024-05-24T07:56:09.390Z"}
{"context":"RouterExplorer","level":"\u001b[32minfo\u001b[39m","message":"Mapped {/api/user, GET} route","time":"2024-05-24 15:56:09","timestamp":"2024-05-24T07:56:09.390Z"}
{"context":"RouterExplorer","level":"\u001b[32minfo\u001b[39m","message":"Mapped {/api/user/:id, GET} route","time":"2024-05-24 15:56:09","timestamp":"2024-05-24T07:56:09.391Z"}
{"context":"RouterExplorer","level":"\u001b[32minfo\u001b[39m","message":"Mapped {/api/user/:id, PATCH} route","time":"2024-05-24 15:56:09","timestamp":"2024-05-24T07:56:09.391Z"}
{"context":"RouterExplorer","level":"\u001b[32minfo\u001b[39m","message":"Mapped {/api/user/:id, DELETE} route","time":"2024-05-24 15:56:09","timestamp":"2024-05-24T07:56:09.391Z"}
{"context":"RoutesResolver","level":"\u001b[32minfo\u001b[39m","message":"ComicController {/api/comic}:","time":"2024-05-24 15:56:09","timestamp":"2024-05-24T07:56:09.391Z"}
{"context":"RouterExplorer","level":"\u001b[32minfo\u001b[39m","message":"Mapped {/api/comic/list, GET} route","time":"2024-05-24 15:56:09","timestamp":"2024-05-24T07:56:09.392Z"}
{"context":"RouterExplorer","level":"\u001b[32minfo\u001b[39m","message":"Mapped {/api/comic/search, GET} route","time":"2024-05-24 15:56:09","timestamp":"2024-05-24T07:56:09.392Z"}
{"context":"RouterExplorer","level":"\u001b[32minfo\u001b[39m","message":"Mapped {/api/comic/chapter/detail, GET} route","time":"2024-05-24 15:56:09","timestamp":"2024-05-24T07:56:09.392Z"}
{"context":"RouterExplorer","level":"\u001b[32minfo\u001b[39m","message":"Mapped {/api/comic/chapter, GET} route","time":"2024-05-24 15:56:09","timestamp":"2024-05-24T07:56:09.392Z"}
{"context":"RouterExplorer","level":"\u001b[32minfo\u001b[39m","message":"Mapped {/api/comic/:name, GET} route","time":"2024-05-24 15:56:09","timestamp":"2024-05-24T07:56:09.392Z"}
{"context":"RoutesResolver","level":"\u001b[32minfo\u001b[39m","message":"TagController {/api/tag}:","time":"2024-05-24 15:56:09","timestamp":"2024-05-24T07:56:09.393Z"}
{"context":"RouterExplorer","level":"\u001b[32minfo\u001b[39m","message":"Mapped {/api/tag, GET} route","time":"2024-05-24 15:56:09","timestamp":"2024-05-24T07:56:09.393Z"}
{"context":"NestApplication","level":"\u001b[32minfo\u001b[39m","message":"Nest application successfully started","time":"2024-05-24 15:56:09","timestamp":"2024-05-24T07:56:09.394Z"}
{"context":"RoutesResolver","level":"\u001b[32minfo\u001b[39m","message":"AppController {/api}:","time":"2024-05-24 15:56:29","timestamp":"2024-05-24T07:56:29.725Z"}
{"context":"RouterExplorer","level":"\u001b[32minfo\u001b[39m","message":"Mapped {/api, GET} route","time":"2024-05-24 15:56:29","timestamp":"2024-05-24T07:56:29.727Z"}
{"context":"RoutesResolver","level":"\u001b[32minfo\u001b[39m","message":"UserController {/api/user}:","time":"2024-05-24 15:56:29","timestamp":"2024-05-24T07:56:29.727Z"}
{"context":"RouterExplorer","level":"\u001b[32minfo\u001b[39m","message":"Mapped {/api/user, POST} route","time":"2024-05-24 15:56:29","timestamp":"2024-05-24T07:56:29.727Z"}
{"context":"RouterExplorer","level":"\u001b[32minfo\u001b[39m","message":"Mapped {/api/user, GET} route","time":"2024-05-24 15:56:29","timestamp":"2024-05-24T07:56:29.728Z"}
{"context":"RouterExplorer","level":"\u001b[32minfo\u001b[39m","message":"Mapped {/api/user/:id, GET} route","time":"2024-05-24 15:56:29","timestamp":"2024-05-24T07:56:29.728Z"}
{"context":"RouterExplorer","level":"\u001b[32minfo\u001b[39m","message":"Mapped {/api/user/:id, PATCH} route","time":"2024-05-24 15:56:29","timestamp":"2024-05-24T07:56:29.728Z"}
{"context":"RouterExplorer","level":"\u001b[32minfo\u001b[39m","message":"Mapped {/api/user/:id, DELETE} route","time":"2024-05-24 15:56:29","timestamp":"2024-05-24T07:56:29.728Z"}
{"context":"RoutesResolver","level":"\u001b[32minfo\u001b[39m","message":"ComicController {/api/comic}:","time":"2024-05-24 15:56:29","timestamp":"2024-05-24T07:56:29.729Z"}
{"context":"RouterExplorer","level":"\u001b[32minfo\u001b[39m","message":"Mapped {/api/comic/list, GET} route","time":"2024-05-24 15:56:29","timestamp":"2024-05-24T07:56:29.729Z"}
{"context":"RouterExplorer","level":"\u001b[32minfo\u001b[39m","message":"Mapped {/api/comic/search, GET} route","time":"2024-05-24 15:56:29","timestamp":"2024-05-24T07:56:29.729Z"}
{"context":"RouterExplorer","level":"\u001b[32minfo\u001b[39m","message":"Mapped {/api/comic/chapter/detail, GET} route","time":"2024-05-24 15:56:29","timestamp":"2024-05-24T07:56:29.730Z"}
{"context":"RouterExplorer","level":"\u001b[32minfo\u001b[39m","message":"Mapped {/api/comic/chapter, GET} route","time":"2024-05-24 15:56:29","timestamp":"2024-05-24T07:56:29.730Z"}
{"context":"RouterExplorer","level":"\u001b[32minfo\u001b[39m","message":"Mapped {/api/comic/:name, GET} route","time":"2024-05-24 15:56:29","timestamp":"2024-05-24T07:56:29.730Z"}
{"context":"RoutesResolver","level":"\u001b[32minfo\u001b[39m","message":"TagController {/api/tag}:","time":"2024-05-24 15:56:29","timestamp":"2024-05-24T07:56:29.730Z"}
{"context":"RouterExplorer","level":"\u001b[32minfo\u001b[39m","message":"Mapped {/api/tag, GET} route","time":"2024-05-24 15:56:29","timestamp":"2024-05-24T07:56:29.730Z"}
{"context":"NestApplication","level":"\u001b[32minfo\u001b[39m","message":"Nest application successfully started","time":"2024-05-24 15:56:29","timestamp":"2024-05-24T07:56:29.731Z"}
{"context":"RoutesResolver","level":"\u001b[32minfo\u001b[39m","message":"AppController {/api}:","time":"2024-05-24 16:09:51","timestamp":"2024-05-24T08:09:51.367Z"}
{"context":"RouterExplorer","level":"\u001b[32minfo\u001b[39m","message":"Mapped {/api, GET} route","time":"2024-05-24 16:09:51","timestamp":"2024-05-24T08:09:51.369Z"}
{"context":"RoutesResolver","level":"\u001b[32minfo\u001b[39m","message":"UserController {/api/user}:","time":"2024-05-24 16:09:51","timestamp":"2024-05-24T08:09:51.369Z"}
{"context":"RouterExplorer","level":"\u001b[32minfo\u001b[39m","message":"Mapped {/api/user, POST} route","time":"2024-05-24 16:09:51","timestamp":"2024-05-24T08:09:51.369Z"}
{"context":"RouterExplorer","level":"\u001b[32minfo\u001b[39m","message":"Mapped {/api/user, GET} route","time":"2024-05-24 16:09:51","timestamp":"2024-05-24T08:09:51.369Z"}
{"context":"RouterExplorer","level":"\u001b[32minfo\u001b[39m","message":"Mapped {/api/user/:id, GET} route","time":"2024-05-24 16:09:51","timestamp":"2024-05-24T08:09:51.370Z"}
{"context":"RouterExplorer","level":"\u001b[32minfo\u001b[39m","message":"Mapped {/api/user/:id, PATCH} route","time":"2024-05-24 16:09:51","timestamp":"2024-05-24T08:09:51.370Z"}
{"context":"RouterExplorer","level":"\u001b[32minfo\u001b[39m","message":"Mapped {/api/user/:id, DELETE} route","time":"2024-05-24 16:09:51","timestamp":"2024-05-24T08:09:51.370Z"}
{"context":"RoutesResolver","level":"\u001b[32minfo\u001b[39m","message":"ComicController {/api/comic}:","time":"2024-05-24 16:09:51","timestamp":"2024-05-24T08:09:51.371Z"}
{"context":"RouterExplorer","level":"\u001b[32minfo\u001b[39m","message":"Mapped {/api/comic/list, GET} route","time":"2024-05-24 16:09:51","timestamp":"2024-05-24T08:09:51.371Z"}
{"context":"RouterExplorer","level":"\u001b[32minfo\u001b[39m","message":"Mapped {/api/comic/search, GET} route","time":"2024-05-24 16:09:51","timestamp":"2024-05-24T08:09:51.371Z"}
{"context":"RouterExplorer","level":"\u001b[32minfo\u001b[39m","message":"Mapped {/api/comic/chapter/detail, GET} route","time":"2024-05-24 16:09:51","timestamp":"2024-05-24T08:09:51.372Z"}
{"context":"RouterExplorer","level":"\u001b[32minfo\u001b[39m","message":"Mapped {/api/comic/chapter, GET} route","time":"2024-05-24 16:09:51","timestamp":"2024-05-24T08:09:51.372Z"}
{"context":"RouterExplorer","level":"\u001b[32minfo\u001b[39m","message":"Mapped {/api/comic/:name, GET} route","time":"2024-05-24 16:09:51","timestamp":"2024-05-24T08:09:51.372Z"}
{"context":"RoutesResolver","level":"\u001b[32minfo\u001b[39m","message":"TagController {/api/tag}:","time":"2024-05-24 16:09:51","timestamp":"2024-05-24T08:09:51.372Z"}
{"context":"RouterExplorer","level":"\u001b[32minfo\u001b[39m","message":"Mapped {/api/tag, GET} route","time":"2024-05-24 16:09:51","timestamp":"2024-05-24T08:09:51.372Z"}
{"context":"NestApplication","level":"\u001b[32minfo\u001b[39m","message":"Nest application successfully started","time":"2024-05-24 16:09:51","timestamp":"2024-05-24T08:09:51.373Z"}
{"context":"RoutesResolver","level":"\u001b[32minfo\u001b[39m","message":"AppController {/api}:","time":"2024-05-24 16:09:59","timestamp":"2024-05-24T08:09:59.270Z"}
{"context":"RouterExplorer","level":"\u001b[32minfo\u001b[39m","message":"Mapped {/api, GET} route","time":"2024-05-24 16:09:59","timestamp":"2024-05-24T08:09:59.271Z"}
{"context":"RoutesResolver","level":"\u001b[32minfo\u001b[39m","message":"UserController {/api/user}:","time":"2024-05-24 16:09:59","timestamp":"2024-05-24T08:09:59.272Z"}
{"context":"RouterExplorer","level":"\u001b[32minfo\u001b[39m","message":"Mapped {/api/user, POST} route","time":"2024-05-24 16:09:59","timestamp":"2024-05-24T08:09:59.272Z"}
{"context":"RouterExplorer","level":"\u001b[32minfo\u001b[39m","message":"Mapped {/api/user, GET} route","time":"2024-05-24 16:09:59","timestamp":"2024-05-24T08:09:59.272Z"}
{"context":"RouterExplorer","level":"\u001b[32minfo\u001b[39m","message":"Mapped {/api/user/:id, GET} route","time":"2024-05-24 16:09:59","timestamp":"2024-05-24T08:09:59.273Z"}
{"context":"RouterExplorer","level":"\u001b[32minfo\u001b[39m","message":"Mapped {/api/user/:id, PATCH} route","time":"2024-05-24 16:09:59","timestamp":"2024-05-24T08:09:59.273Z"}
{"context":"RouterExplorer","level":"\u001b[32minfo\u001b[39m","message":"Mapped {/api/user/:id, DELETE} route","time":"2024-05-24 16:09:59","timestamp":"2024-05-24T08:09:59.273Z"}
{"context":"RoutesResolver","level":"\u001b[32minfo\u001b[39m","message":"ComicController {/api/comic}:","time":"2024-05-24 16:09:59","timestamp":"2024-05-24T08:09:59.274Z"}
{"context":"RouterExplorer","level":"\u001b[32minfo\u001b[39m","message":"Mapped {/api/comic/list, GET} route","time":"2024-05-24 16:09:59","timestamp":"2024-05-24T08:09:59.274Z"}
{"context":"RouterExplorer","level":"\u001b[32minfo\u001b[39m","message":"Mapped {/api/comic/search, GET} route","time":"2024-05-24 16:09:59","timestamp":"2024-05-24T08:09:59.274Z"}
{"context":"RouterExplorer","level":"\u001b[32minfo\u001b[39m","message":"Mapped {/api/comic/chapter/detail, GET} route","time":"2024-05-24 16:09:59","timestamp":"2024-05-24T08:09:59.275Z"}
{"context":"RouterExplorer","level":"\u001b[32minfo\u001b[39m","message":"Mapped {/api/comic/chapter, GET} route","time":"2024-05-24 16:09:59","timestamp":"2024-05-24T08:09:59.275Z"}
{"context":"RouterExplorer","level":"\u001b[32minfo\u001b[39m","message":"Mapped {/api/comic/:name, GET} route","time":"2024-05-24 16:09:59","timestamp":"2024-05-24T08:09:59.275Z"}
{"context":"RoutesResolver","level":"\u001b[32minfo\u001b[39m","message":"TagController {/api/tag}:","time":"2024-05-24 16:09:59","timestamp":"2024-05-24T08:09:59.275Z"}
{"context":"RouterExplorer","level":"\u001b[32minfo\u001b[39m","message":"Mapped {/api/tag, GET} route","time":"2024-05-24 16:09:59","timestamp":"2024-05-24T08:09:59.275Z"}
{"context":"NestApplication","level":"\u001b[32minfo\u001b[39m","message":"Nest application successfully started","time":"2024-05-24 16:09:59","timestamp":"2024-05-24T08:09:59.276Z"}
