{"context":"","level":"\u001b[32minfo\u001b[39m","message":"微服务启动成功","time":"2024-05-24 16:57:59","timestamp":"2024-05-24T08:57:59.395Z"}
{"context":"NestMicroservice","level":"\u001b[32minfo\u001b[39m","message":"Nest microservice successfully started","time":"2024-05-24 16:57:59","timestamp":"2024-05-24T08:57:59.420Z"}
{"context":"//////////////////////////////////////////////////","level":"\u001b[32minfo\u001b[39m","message":"第 1 次请求","time":"2024-05-24 16:58:17","timestamp":"2024-05-24T08:58:17.360Z"}
{"context":"--------------------------------------------------","level":"\u001b[32minfo\u001b[39m","message":"请求接收","time":"2024-05-24 16:58:17","timestamp":"2024-05-24T08:58:17.360Z"}
{"level":"\u001b[32minfo\u001b[39m","message":"undefined undefined","time":"2024-05-24 16:58:17","timestamp":"2024-05-24T08:58:17.361Z"}
{"context":"服务运行错误","level":"\u001b[31merror\u001b[39m","message":"TypeError: Cannot convert undefined or null to object","time":"2024-05-24 16:58:17","timestamp":"2024-05-24T08:58:17.362Z"}
{"context":{"code":500,"error":"Internal Server Error","message":"服务器错误"},"level":"\u001b[31merror\u001b[39m","message":"响应错误","time":"2024-05-24 16:58:17","timestamp":"2024-05-24T08:58:17.362Z"}
{"context":"--------------------------------------------------","level":"\u001b[32minfo\u001b[39m","message":"请求结束","time":"2024-05-24 16:58:17","timestamp":"2024-05-24T08:58:17.362Z"}
{"context":"","level":"\u001b[32minfo\u001b[39m","message":"微服务启动成功","time":"2024-05-24 16:59:16","timestamp":"2024-05-24T08:59:16.864Z"}
{"context":"NestMicroservice","level":"\u001b[32minfo\u001b[39m","message":"Nest microservice successfully started","time":"2024-05-24 16:59:16","timestamp":"2024-05-24T08:59:16.878Z"}
{"context":"//////////////////////////////////////////////////","level":"\u001b[32minfo\u001b[39m","message":"第 1 次请求","time":"2024-05-24 16:59:20","timestamp":"2024-05-24T08:59:20.380Z"}
{"context":"--------------------------------------------------","level":"\u001b[32minfo\u001b[39m","message":"请求接收","time":"2024-05-24 16:59:20","timestamp":"2024-05-24T08:59:20.381Z"}
{"level":"\u001b[32minfo\u001b[39m","message":"undefined undefined","time":"2024-05-24 16:59:20","timestamp":"2024-05-24T08:59:20.381Z"}
{"context":{},"level":"\u001b[31merror\u001b[39m","message":"服务运行错误","time":"2024-05-24 16:59:20","timestamp":"2024-05-24T08:59:20.382Z"}
{"context":{"code":500,"error":"Internal Server Error","message":"服务器错误"},"level":"\u001b[31merror\u001b[39m","message":"响应错误","time":"2024-05-24 16:59:20","timestamp":"2024-05-24T08:59:20.382Z"}
{"context":"--------------------------------------------------","level":"\u001b[32minfo\u001b[39m","message":"请求结束","time":"2024-05-24 16:59:20","timestamp":"2024-05-24T08:59:20.382Z"}
{"context":"","level":"\u001b[32minfo\u001b[39m","message":"微服务启动成功","time":"2024-05-24 17:01:25","timestamp":"2024-05-24T09:01:25.754Z"}
{"context":"NestMicroservice","level":"\u001b[32minfo\u001b[39m","message":"Nest microservice successfully started","time":"2024-05-24 17:01:25","timestamp":"2024-05-24T09:01:25.765Z"}
{"context":"//////////////////////////////////////////////////","level":"\u001b[32minfo\u001b[39m","message":"第 1 次请求","time":"2024-05-24 17:01:29","timestamp":"2024-05-24T09:01:29.728Z"}
{"context":"--------------------------------------------------","level":"\u001b[32minfo\u001b[39m","message":"请求接收","time":"2024-05-24 17:01:29","timestamp":"2024-05-24T09:01:29.728Z"}
{"level":"\u001b[32minfo\u001b[39m","message":"undefined undefined","time":"2024-05-24 17:01:29","timestamp":"2024-05-24T09:01:29.729Z"}
{"context":{},"level":"\u001b[31merror\u001b[39m","message":"服务运行错误","time":"2024-05-24 17:01:29","timestamp":"2024-05-24T09:01:29.730Z"}
{"context":{"code":500,"error":"Internal Server Error","message":"服务器错误"},"level":"\u001b[31merror\u001b[39m","message":"响应错误","time":"2024-05-24 17:01:29","timestamp":"2024-05-24T09:01:29.730Z"}
{"context":"--------------------------------------------------","level":"\u001b[32minfo\u001b[39m","message":"请求结束","time":"2024-05-24 17:01:29","timestamp":"2024-05-24T09:01:29.730Z"}
{"context":"","level":"\u001b[32minfo\u001b[39m","message":"微服务启动成功","time":"2024-05-24 17:02:09","timestamp":"2024-05-24T09:02:09.288Z"}
{"context":"NestMicroservice","level":"\u001b[32minfo\u001b[39m","message":"Nest microservice successfully started","time":"2024-05-24 17:02:09","timestamp":"2024-05-24T09:02:09.304Z"}
{"context":"//////////////////////////////////////////////////","level":"\u001b[32minfo\u001b[39m","message":"第 1 次请求","time":"2024-05-24 17:02:12","timestamp":"2024-05-24T09:02:12.338Z"}
{"context":"--------------------------------------------------","level":"\u001b[32minfo\u001b[39m","message":"请求接收","time":"2024-05-24 17:02:12","timestamp":"2024-05-24T09:02:12.339Z"}
{"level":"\u001b[32minfo\u001b[39m","message":"undefined undefined","time":"2024-05-24 17:02:12","timestamp":"2024-05-24T09:02:12.340Z"}
{"context":{},"level":"\u001b[31merror\u001b[39m","message":"服务运行错误","time":"2024-05-24 17:02:12","timestamp":"2024-05-24T09:02:12.342Z"}
{"context":{"code":500,"error":"Internal Server Error","message":"服务器错误"},"level":"\u001b[31merror\u001b[39m","message":"响应错误","time":"2024-05-24 17:02:12","timestamp":"2024-05-24T09:02:12.342Z"}
{"context":"--------------------------------------------------","level":"\u001b[32minfo\u001b[39m","message":"请求结束","time":"2024-05-24 17:02:12","timestamp":"2024-05-24T09:02:12.342Z"}
{"context":"","level":"\u001b[32minfo\u001b[39m","message":"微服务启动成功","time":"2024-05-24 17:02:20","timestamp":"2024-05-24T09:02:20.655Z"}
{"context":"NestMicroservice","level":"\u001b[32minfo\u001b[39m","message":"Nest microservice successfully started","time":"2024-05-24 17:02:20","timestamp":"2024-05-24T09:02:20.668Z"}
{"context":"","level":"\u001b[32minfo\u001b[39m","message":"微服务启动成功","time":"2024-05-24 17:03:00","timestamp":"2024-05-24T09:03:00.608Z"}
{"context":"NestMicroservice","level":"\u001b[32minfo\u001b[39m","message":"Nest microservice successfully started","time":"2024-05-24 17:03:00","timestamp":"2024-05-24T09:03:00.623Z"}
{"context":"//////////////////////////////////////////////////","level":"\u001b[32minfo\u001b[39m","message":"第 1 次请求","time":"2024-05-24 17:03:07","timestamp":"2024-05-24T09:03:07.177Z"}
{"context":"--------------------------------------------------","level":"\u001b[32minfo\u001b[39m","message":"请求接收","time":"2024-05-24 17:03:07","timestamp":"2024-05-24T09:03:07.177Z"}
{"level":"\u001b[32minfo\u001b[39m","message":"undefined undefined","time":"2024-05-24 17:03:07","timestamp":"2024-05-24T09:03:07.178Z"}
{"level":"\u001b[31merror\u001b[39m","message":"服务运行错误 Cannot convert undefined or null to object","stack":"TypeError: Cannot convert undefined or null to object\n    at Function.keys (<anonymous>)\n    at TransformInterceptor.intercept (/Users/lstmxx/code/lstmxx/copymanga-app/apps/server/dist/apps/user-service/main.js:960:20)\n    at nextFn (/Users/lstmxx/code/lstmxx/copymanga-app/node_modules/.pnpm/@nestjs+core@10.3.8_@nestjs+common@10.3.8_@nestjs+microservices@10.3.8_@nestjs+platform-expre_ovosspvuwiig2qaenbflgbjjny/node_modules/@nestjs/core/interceptors/interceptors-consumer.js:23:36)\n    at /Users/lstmxx/code/lstmxx/copymanga-app/node_modules/.pnpm/@nestjs+core@10.3.8_@nestjs+common@10.3.8_@nestjs+microservices@10.3.8_@nestjs+platform-expre_ovosspvuwiig2qaenbflgbjjny/node_modules/@nestjs/core/interceptors/interceptors-consumer.js:25:40\n    at Observable._subscribe (/Users/lstmxx/code/lstmxx/copymanga-app/node_modules/.pnpm/rxjs@7.8.1/node_modules/rxjs/src/internal/observable/defer.ts:55:15)\n    at Observable._trySubscribe (/Users/lstmxx/code/lstmxx/copymanga-app/node_modules/.pnpm/rxjs@7.8.1/node_modules/rxjs/src/internal/Observable.ts:244:19)\n    at /Users/lstmxx/code/lstmxx/copymanga-app/node_modules/.pnpm/rxjs@7.8.1/node_modules/rxjs/src/internal/Observable.ts:234:18\n    at Object.errorContext (/Users/lstmxx/code/lstmxx/copymanga-app/node_modules/.pnpm/rxjs@7.8.1/node_modules/rxjs/src/internal/util/errorContext.ts:29:5)\n    at Observable.subscribe (/Users/lstmxx/code/lstmxx/copymanga-app/node_modules/.pnpm/rxjs@7.8.1/node_modules/rxjs/src/internal/Observable.ts:220:5)\n    at Object.mergeInternals (/Users/lstmxx/code/lstmxx/copymanga-app/node_modules/.pnpm/rxjs@7.8.1/node_modules/rxjs/src/internal/operators/mergeInternals.ts:136:10)","timestamp":"2024-05-24T09:03:07.187Z"}
{"code":500,"error":"Internal Server Error","level":"\u001b[31merror\u001b[39m","message":"响应错误 服务器错误","timestamp":"2024-05-24T09:03:07.187Z"}
{"context":"--------------------------------------------------","level":"\u001b[32minfo\u001b[39m","message":"请求结束","time":"2024-05-24 17:03:07","timestamp":"2024-05-24T09:03:07.187Z"}
{"level":"\u001b[32minfo\u001b[39m","message":"微服务启动成功","timestamp":"2024-05-24T09:03:45.337Z"}
{"level":"\u001b[32minfo\u001b[39m","message":"Nest microservice successfully started","timestamp":"2024-05-24T09:03:45.349Z"}
{"context":"","level":"\u001b[32minfo\u001b[39m","message":"微服务启动成功","time":"2024-05-24 17:17:05","timestamp":"2024-05-24T09:17:05.564Z"}
{"context":"NestMicroservice","level":"\u001b[32minfo\u001b[39m","message":"Nest microservice successfully started","time":"2024-05-24 17:17:05","timestamp":"2024-05-24T09:17:05.575Z"}
{"context":"//////////////////////////////////////////////////","level":"\u001b[32minfo\u001b[39m","message":"第 1 次请求","time":"2024-05-24 17:17:48","timestamp":"2024-05-24T09:17:48.656Z"}
{"context":"--------------------------------------------------","level":"\u001b[32minfo\u001b[39m","message":"请求接收","time":"2024-05-24 17:17:48","timestamp":"2024-05-24T09:17:48.656Z"}
{"level":"\u001b[32minfo\u001b[39m","message":"undefined undefined","time":"2024-05-24 17:17:48","timestamp":"2024-05-24T09:17:48.657Z"}
{"context":{},"level":"\u001b[31merror\u001b[39m","message":"服务运行错误","time":"2024-05-24 17:17:48","timestamp":"2024-05-24T09:17:48.657Z"}
{"context":{"code":500,"error":"Internal Server Error","message":"服务器错误"},"level":"\u001b[31merror\u001b[39m","message":"响应错误","time":"2024-05-24 17:17:48","timestamp":"2024-05-24T09:17:48.658Z"}
{"context":"--------------------------------------------------","level":"\u001b[32minfo\u001b[39m","message":"请求结束","time":"2024-05-24 17:17:48","timestamp":"2024-05-24T09:17:48.658Z"}
{"context":"","level":"\u001b[32minfo\u001b[39m","message":"微服务启动成功","time":"2024-05-24 17:18:37","timestamp":"2024-05-24T09:18:37.463Z"}
{"context":"NestMicroservice","level":"\u001b[32minfo\u001b[39m","message":"Nest microservice successfully started","time":"2024-05-24 17:18:37","timestamp":"2024-05-24T09:18:37.475Z"}
{"context":"//////////////////////////////////////////////////","level":"\u001b[32minfo\u001b[39m","message":"第 1 次请求","time":"2024-05-24 17:18:50","timestamp":"2024-05-24T09:18:50.617Z"}
{"context":"--------------------------------------------------","level":"\u001b[32minfo\u001b[39m","message":"请求接收","time":"2024-05-24 17:18:50","timestamp":"2024-05-24T09:18:50.617Z"}
{"context":{},"level":"\u001b[31merror\u001b[39m","message":"服务运行错误","time":"2024-05-24 17:18:50","timestamp":"2024-05-24T09:18:50.618Z"}
{"context":{"code":500,"error":"Internal Server Error","message":"服务器错误"},"level":"\u001b[31merror\u001b[39m","message":"响应错误","time":"2024-05-24 17:18:50","timestamp":"2024-05-24T09:18:50.618Z"}
{"context":"--------------------------------------------------","level":"\u001b[32minfo\u001b[39m","message":"请求结束","time":"2024-05-24 17:18:50","timestamp":"2024-05-24T09:18:50.618Z"}
{"level":"\u001b[32minfo\u001b[39m","message":"微服务启动成功","timestamp":"2024-05-24T09:19:15.230Z"}
{"level":"\u001b[32minfo\u001b[39m","message":"Nest microservice successfully started","timestamp":"2024-05-24T09:19:15.241Z"}
{"level":"\u001b[32minfo\u001b[39m","message":"第 1 次请求","timestamp":"2024-05-24T09:19:50.140Z"}
{"level":"\u001b[32minfo\u001b[39m","message":"请求接收","timestamp":"2024-05-24T09:19:50.140Z"}
{"level":"\u001b[32minfo\u001b[39m","message":"undefined undefined","timestamp":"2024-05-24T09:19:50.141Z"}
{"level":"\u001b[31merror\u001b[39m","message":"服务运行错误 Cannot convert undefined or null to object","stack":"TypeError: Cannot convert undefined or null to object\n    at Function.keys (<anonymous>)\n    at TransformInterceptor.intercept (/Users/lstmxx/code/lstmxx/copymanga-app/apps/server/dist/apps/user-service/main.js:959:20)\n    at nextFn (/Users/lstmxx/code/lstmxx/copymanga-app/node_modules/.pnpm/@nestjs+core@10.3.8_@nestjs+common@10.3.8_@nestjs+microservices@10.3.8_@nestjs+platform-expre_ovosspvuwiig2qaenbflgbjjny/node_modules/@nestjs/core/interceptors/interceptors-consumer.js:23:36)\n    at /Users/lstmxx/code/lstmxx/copymanga-app/node_modules/.pnpm/@nestjs+core@10.3.8_@nestjs+common@10.3.8_@nestjs+microservices@10.3.8_@nestjs+platform-expre_ovosspvuwiig2qaenbflgbjjny/node_modules/@nestjs/core/interceptors/interceptors-consumer.js:25:40\n    at Observable._subscribe (/Users/lstmxx/code/lstmxx/copymanga-app/node_modules/.pnpm/rxjs@7.8.1/node_modules/rxjs/src/internal/observable/defer.ts:55:15)\n    at Observable._trySubscribe (/Users/lstmxx/code/lstmxx/copymanga-app/node_modules/.pnpm/rxjs@7.8.1/node_modules/rxjs/src/internal/Observable.ts:244:19)\n    at /Users/lstmxx/code/lstmxx/copymanga-app/node_modules/.pnpm/rxjs@7.8.1/node_modules/rxjs/src/internal/Observable.ts:234:18\n    at Object.errorContext (/Users/lstmxx/code/lstmxx/copymanga-app/node_modules/.pnpm/rxjs@7.8.1/node_modules/rxjs/src/internal/util/errorContext.ts:29:5)\n    at Observable.subscribe (/Users/lstmxx/code/lstmxx/copymanga-app/node_modules/.pnpm/rxjs@7.8.1/node_modules/rxjs/src/internal/Observable.ts:220:5)\n    at Object.mergeInternals (/Users/lstmxx/code/lstmxx/copymanga-app/node_modules/.pnpm/rxjs@7.8.1/node_modules/rxjs/src/internal/operators/mergeInternals.ts:136:10)","timestamp":"2024-05-24T09:19:50.149Z"}
{"code":500,"error":"Internal Server Error","level":"\u001b[31merror\u001b[39m","message":"响应错误 服务器错误","timestamp":"2024-05-24T09:19:50.149Z"}
{"level":"\u001b[32minfo\u001b[39m","message":"请求结束","timestamp":"2024-05-24T09:19:50.150Z"}
{"context":"","level":"\u001b[32minfo\u001b[39m","message":"微服务启动成功","time":"2024-05-24 17:20:27","timestamp":"2024-05-24T09:20:27.732Z"}
{"context":"NestMicroservice","level":"\u001b[32minfo\u001b[39m","message":"Nest microservice successfully started","time":"2024-05-24 17:20:27","timestamp":"2024-05-24T09:20:27.746Z"}
{"context":"//////////////////////////////////////////////////","level":"\u001b[32minfo\u001b[39m","message":"第 1 次请求","time":"2024-05-24 17:20:45","timestamp":"2024-05-24T09:20:45.115Z"}
{"context":"--------------------------------------------------","level":"\u001b[32minfo\u001b[39m","message":"请求接收","time":"2024-05-24 17:20:45","timestamp":"2024-05-24T09:20:45.115Z"}
{"level":"\u001b[32minfo\u001b[39m","message":"undefined undefined","time":"2024-05-24 17:20:45","timestamp":"2024-05-24T09:20:45.116Z"}
{"level":"\u001b[31merror\u001b[39m","message":"服务运行错误 Cannot convert undefined or null to object","stack":"TypeError: Cannot convert undefined or null to object\n    at Function.keys (<anonymous>)\n    at TransformInterceptor.intercept (/Users/lstmxx/code/lstmxx/copymanga-app/apps/server/dist/apps/user-service/main.js:959:20)\n    at nextFn (/Users/lstmxx/code/lstmxx/copymanga-app/node_modules/.pnpm/@nestjs+core@10.3.8_@nestjs+common@10.3.8_@nestjs+microservices@10.3.8_@nestjs+platform-expre_ovosspvuwiig2qaenbflgbjjny/node_modules/@nestjs/core/interceptors/interceptors-consumer.js:23:36)\n    at /Users/lstmxx/code/lstmxx/copymanga-app/node_modules/.pnpm/@nestjs+core@10.3.8_@nestjs+common@10.3.8_@nestjs+microservices@10.3.8_@nestjs+platform-expre_ovosspvuwiig2qaenbflgbjjny/node_modules/@nestjs/core/interceptors/interceptors-consumer.js:25:40\n    at Observable._subscribe (/Users/lstmxx/code/lstmxx/copymanga-app/node_modules/.pnpm/rxjs@7.8.1/node_modules/rxjs/src/internal/observable/defer.ts:55:15)\n    at Observable._trySubscribe (/Users/lstmxx/code/lstmxx/copymanga-app/node_modules/.pnpm/rxjs@7.8.1/node_modules/rxjs/src/internal/Observable.ts:244:19)\n    at /Users/lstmxx/code/lstmxx/copymanga-app/node_modules/.pnpm/rxjs@7.8.1/node_modules/rxjs/src/internal/Observable.ts:234:18\n    at Object.errorContext (/Users/lstmxx/code/lstmxx/copymanga-app/node_modules/.pnpm/rxjs@7.8.1/node_modules/rxjs/src/internal/util/errorContext.ts:29:5)\n    at Observable.subscribe (/Users/lstmxx/code/lstmxx/copymanga-app/node_modules/.pnpm/rxjs@7.8.1/node_modules/rxjs/src/internal/Observable.ts:220:5)\n    at Object.mergeInternals (/Users/lstmxx/code/lstmxx/copymanga-app/node_modules/.pnpm/rxjs@7.8.1/node_modules/rxjs/src/internal/operators/mergeInternals.ts:136:10)","timestamp":"2024-05-24T09:20:45.123Z"}
{"code":500,"error":"Internal Server Error","level":"\u001b[31merror\u001b[39m","message":"响应错误 服务器错误","timestamp":"2024-05-24T09:20:45.124Z"}
{"context":"--------------------------------------------------","level":"\u001b[32minfo\u001b[39m","message":"请求结束","time":"2024-05-24 17:20:45","timestamp":"2024-05-24T09:20:45.124Z"}
{"context":"","level":"\u001b[32minfo\u001b[39m","message":"微服务启动成功","time":"2024-05-24 17:21:00","timestamp":"2024-05-24T09:21:00.934Z"}
{"context":"NestMicroservice","level":"\u001b[32minfo\u001b[39m","message":"Nest microservice successfully started","time":"2024-05-24 17:21:00","timestamp":"2024-05-24T09:21:00.949Z"}
{"context":"//////////////////////////////////////////////////","level":"\u001b[32minfo\u001b[39m","message":"第 1 次请求","time":"2024-05-24 17:21:04","timestamp":"2024-05-24T09:21:04.809Z"}
{"context":"--------------------------------------------------","level":"\u001b[32minfo\u001b[39m","message":"请求接收","time":"2024-05-24 17:21:04","timestamp":"2024-05-24T09:21:04.809Z"}
{"level":"\u001b[32minfo\u001b[39m","message":"undefined undefined","time":"2024-05-24 17:21:04","timestamp":"2024-05-24T09:21:04.809Z"}
{"level":"\u001b[31merror\u001b[39m","message":"服务运行错误 Cannot convert undefined or null to object","stack":"TypeError: Cannot convert undefined or null to object\n    at Function.keys (<anonymous>)\n    at TransformInterceptor.intercept (/Users/lstmxx/code/lstmxx/copymanga-app/apps/server/dist/apps/user-service/main.js:960:20)\n    at nextFn (/Users/lstmxx/code/lstmxx/copymanga-app/node_modules/.pnpm/@nestjs+core@10.3.8_@nestjs+common@10.3.8_@nestjs+microservices@10.3.8_@nestjs+platform-expre_ovosspvuwiig2qaenbflgbjjny/node_modules/@nestjs/core/interceptors/interceptors-consumer.js:23:36)\n    at /Users/lstmxx/code/lstmxx/copymanga-app/node_modules/.pnpm/@nestjs+core@10.3.8_@nestjs+common@10.3.8_@nestjs+microservices@10.3.8_@nestjs+platform-expre_ovosspvuwiig2qaenbflgbjjny/node_modules/@nestjs/core/interceptors/interceptors-consumer.js:25:40\n    at Observable._subscribe (/Users/lstmxx/code/lstmxx/copymanga-app/node_modules/.pnpm/rxjs@7.8.1/node_modules/rxjs/src/internal/observable/defer.ts:55:15)\n    at Observable._trySubscribe (/Users/lstmxx/code/lstmxx/copymanga-app/node_modules/.pnpm/rxjs@7.8.1/node_modules/rxjs/src/internal/Observable.ts:244:19)\n    at /Users/lstmxx/code/lstmxx/copymanga-app/node_modules/.pnpm/rxjs@7.8.1/node_modules/rxjs/src/internal/Observable.ts:234:18\n    at Object.errorContext (/Users/lstmxx/code/lstmxx/copymanga-app/node_modules/.pnpm/rxjs@7.8.1/node_modules/rxjs/src/internal/util/errorContext.ts:29:5)\n    at Observable.subscribe (/Users/lstmxx/code/lstmxx/copymanga-app/node_modules/.pnpm/rxjs@7.8.1/node_modules/rxjs/src/internal/Observable.ts:220:5)\n    at Object.mergeInternals (/Users/lstmxx/code/lstmxx/copymanga-app/node_modules/.pnpm/rxjs@7.8.1/node_modules/rxjs/src/internal/operators/mergeInternals.ts:136:10)","timestamp":"2024-05-24T09:21:04.816Z"}
{"code":500,"error":"Internal Server Error","level":"\u001b[31merror\u001b[39m","message":"响应错误 服务器错误","timestamp":"2024-05-24T09:21:04.816Z"}
{"context":"--------------------------------------------------","level":"\u001b[32minfo\u001b[39m","message":"请求结束","time":"2024-05-24 17:21:04","timestamp":"2024-05-24T09:21:04.817Z"}
{"context":"","level":"\u001b[32minfo\u001b[39m","message":"微服务启动成功","time":"2024-05-24 17:21:46","timestamp":"2024-05-24T09:21:46.850Z"}
{"context":"NestMicroservice","level":"\u001b[32minfo\u001b[39m","message":"Nest microservice successfully started","time":"2024-05-24 17:21:46","timestamp":"2024-05-24T09:21:46.862Z"}
{"context":"//////////////////////////////////////////////////","level":"\u001b[32minfo\u001b[39m","message":"第 1 次请求","time":"2024-05-24 17:21:50","timestamp":"2024-05-24T09:21:50.331Z"}
{"context":"--------------------------------------------------","level":"\u001b[32minfo\u001b[39m","message":"请求接收","time":"2024-05-24 17:21:50","timestamp":"2024-05-24T09:21:50.331Z"}
{"level":"\u001b[32minfo\u001b[39m","message":"undefined undefined","time":"2024-05-24 17:21:50","timestamp":"2024-05-24T09:21:50.332Z"}
{"context":{},"level":"\u001b[31merror\u001b[39m","message":"服务运行错误","time":"2024-05-24 17:21:50","timestamp":"2024-05-24T09:21:50.342Z"}
{"context":{"code":500,"error":"Internal Server Error","message":"服务器错误"},"level":"\u001b[31merror\u001b[39m","message":"响应错误","time":"2024-05-24 17:21:50","timestamp":"2024-05-24T09:21:50.342Z"}
{"context":"--------------------------------------------------","level":"\u001b[32minfo\u001b[39m","message":"请求结束","time":"2024-05-24 17:21:50","timestamp":"2024-05-24T09:21:50.342Z"}
{"context":"","level":"\u001b[32minfo\u001b[39m","message":"微服务启动成功","time":"2024-05-24 17:23:55","timestamp":"2024-05-24T09:23:55.688Z"}
{"context":"NestMicroservice","level":"\u001b[32minfo\u001b[39m","message":"Nest microservice successfully started","time":"2024-05-24 17:23:55","timestamp":"2024-05-24T09:23:55.700Z"}
{"context":"//////////////////////////////////////////////////","level":"\u001b[32minfo\u001b[39m","message":"第 1 次请求","time":"2024-05-24 17:24:01","timestamp":"2024-05-24T09:24:01.166Z"}
{"context":"--------------------------------------------------","level":"\u001b[32minfo\u001b[39m","message":"请求接收","time":"2024-05-24 17:24:01","timestamp":"2024-05-24T09:24:01.166Z"}
{"context":{},"level":"\u001b[31merror\u001b[39m","message":"服务运行错误","time":"2024-05-24 17:24:01","timestamp":"2024-05-24T09:24:01.169Z"}
{"context":{"code":500,"error":"Internal Server Error","message":"服务器错误"},"level":"\u001b[31merror\u001b[39m","message":"响应错误","time":"2024-05-24 17:24:01","timestamp":"2024-05-24T09:24:01.169Z"}
{"context":"--------------------------------------------------","level":"\u001b[32minfo\u001b[39m","message":"请求结束","time":"2024-05-24 17:24:01","timestamp":"2024-05-24T09:24:01.169Z"}
{"context":"","level":"\u001b[32minfo\u001b[39m","message":"微服务启动成功","time":"2024-05-24 17:25:24","timestamp":"2024-05-24T09:25:24.237Z"}
{"context":"NestMicroservice","level":"\u001b[32minfo\u001b[39m","message":"Nest microservice successfully started","time":"2024-05-24 17:25:24","timestamp":"2024-05-24T09:25:24.249Z"}
{"context":"","level":"\u001b[32minfo\u001b[39m","message":"微服务启动成功","time":"2024-05-24 17:25:42","timestamp":"2024-05-24T09:25:42.737Z"}
{"context":"NestMicroservice","level":"\u001b[32minfo\u001b[39m","message":"Nest microservice successfully started","time":"2024-05-24 17:25:42","timestamp":"2024-05-24T09:25:42.748Z"}
{"level":"\u001b[32minfo\u001b[39m","message":"微服务启动成功","timestamp":"2024-05-24T09:27:30.376Z"}
{"level":"\u001b[32minfo\u001b[39m","message":"Nest microservice successfully started","timestamp":"2024-05-24T09:27:30.386Z"}
{"context":"","level":"\u001b[32minfo\u001b[39m","message":"微服务启动成功","time":"2024-05-24 17:28:34","timestamp":"2024-05-24T09:28:34.840Z"}
{"context":"NestMicroservice","level":"\u001b[32minfo\u001b[39m","message":"Nest microservice successfully started","time":"2024-05-24 17:28:34","timestamp":"2024-05-24T09:28:34.852Z"}
{"context":"//////////////////////////////////////////////////","level":"\u001b[32minfo\u001b[39m","message":"第 1 次请求","time":"2024-05-24 17:28:52","timestamp":"2024-05-24T09:28:52.013Z"}
{"context":"--------------------------------------------------","level":"\u001b[32minfo\u001b[39m","message":"请求接收","time":"2024-05-24 17:28:52","timestamp":"2024-05-24T09:28:52.013Z"}
{"level":"\u001b[32minfo\u001b[39m","message":"undefined undefined","time":"2024-05-24 17:28:52","timestamp":"2024-05-24T09:28:52.014Z"}
{"context":{},"level":"\u001b[31merror\u001b[39m","message":"服务运行错误","time":"2024-05-24 17:28:52","timestamp":"2024-05-24T09:28:52.022Z"}
{"context":{"code":500,"error":"Internal Server Error","message":"服务器错误"},"level":"\u001b[31merror\u001b[39m","message":"响应错误","time":"2024-05-24 17:28:52","timestamp":"2024-05-24T09:28:52.022Z"}
{"context":"--------------------------------------------------","level":"\u001b[32minfo\u001b[39m","message":"请求结束","time":"2024-05-24 17:28:52","timestamp":"2024-05-24T09:28:52.022Z"}
{"context":"//////////////////////////////////////////////////","level":"\u001b[32minfo\u001b[39m","message":"第 2 次请求","time":"2024-05-24 17:29:35","timestamp":"2024-05-24T09:29:35.362Z"}
{"context":"--------------------------------------------------","level":"\u001b[32minfo\u001b[39m","message":"请求接收","time":"2024-05-24 17:29:35","timestamp":"2024-05-24T09:29:35.363Z"}
{"level":"\u001b[32minfo\u001b[39m","message":"undefined undefined","time":"2024-05-24 17:29:35","timestamp":"2024-05-24T09:29:35.364Z"}
{"context":{},"level":"\u001b[31merror\u001b[39m","message":"服务运行错误","time":"2024-05-24 17:29:35","timestamp":"2024-05-24T09:29:35.366Z"}
{"context":{"code":500,"error":"Internal Server Error","message":"服务器错误"},"level":"\u001b[31merror\u001b[39m","message":"响应错误","time":"2024-05-24 17:29:35","timestamp":"2024-05-24T09:29:35.367Z"}
{"context":"--------------------------------------------------","level":"\u001b[32minfo\u001b[39m","message":"请求结束","time":"2024-05-24 17:29:35","timestamp":"2024-05-24T09:29:35.367Z"}
{"context":"","level":"\u001b[32minfo\u001b[39m","message":"微服务启动成功","time":"2024-05-24 17:32:32","timestamp":"2024-05-24T09:32:32.641Z"}
{"context":"NestMicroservice","level":"\u001b[32minfo\u001b[39m","message":"Nest microservice successfully started","time":"2024-05-24 17:32:32","timestamp":"2024-05-24T09:32:32.652Z"}
{"context":"//////////////////////////////////////////////////","level":"\u001b[32minfo\u001b[39m","message":"第 1 次请求","time":"2024-05-24 17:32:38","timestamp":"2024-05-24T09:32:38.381Z"}
{"context":"--------------------------------------------------","level":"\u001b[32minfo\u001b[39m","message":"请求接收","time":"2024-05-24 17:32:38","timestamp":"2024-05-24T09:32:38.381Z"}
{"context":"findAllUser","level":"\u001b[32minfo\u001b[39m","message":"REDIS 请求","time":"2024-05-24 17:32:38","timestamp":"2024-05-24T09:32:38.382Z"}
{"context":"user server findAllUser","level":"\u001b[32minfo\u001b[39m","message":"响应结果","time":"2024-05-24 17:32:38","timestamp":"2024-05-24T09:32:38.383Z"}
{"context":"--------------------------------------------------","level":"\u001b[32minfo\u001b[39m","message":"请求成功","time":"2024-05-24 17:32:38","timestamp":"2024-05-24T09:32:38.383Z"}
{"context":"","level":"\u001b[32minfo\u001b[39m","message":"微服务启动成功","time":"2024-05-24 17:33:56","timestamp":"2024-05-24T09:33:56.904Z"}
{"context":"NestMicroservice","level":"\u001b[32minfo\u001b[39m","message":"Nest microservice successfully started","time":"2024-05-24 17:33:56","timestamp":"2024-05-24T09:33:56.918Z"}
{"context":"//////////////////////////////////////////////////","level":"\u001b[32minfo\u001b[39m","message":"第 1 次请求","time":"2024-05-24 17:34:03","timestamp":"2024-05-24T09:34:03.147Z"}
{"context":"--------------------------------------------------","level":"\u001b[32minfo\u001b[39m","message":"请求接收","time":"2024-05-24 17:34:03","timestamp":"2024-05-24T09:34:03.148Z"}
{"context":"findAllUser","level":"\u001b[32minfo\u001b[39m","message":"REDIS 请求","time":"2024-05-24 17:34:03","timestamp":"2024-05-24T09:34:03.148Z"}
{"context":"user server findAllUser","level":"\u001b[32minfo\u001b[39m","message":"响应结果","time":"2024-05-24 17:34:03","timestamp":"2024-05-24T09:34:03.150Z"}
{"context":"--------------------------------------------------","level":"\u001b[32minfo\u001b[39m","message":"请求成功","time":"2024-05-24 17:34:03","timestamp":"2024-05-24T09:34:03.150Z"}
{"context":"","level":"\u001b[32minfo\u001b[39m","message":"微服务启动成功","time":"2024-05-24 17:34:19","timestamp":"2024-05-24T09:34:19.917Z"}
{"context":"NestMicroservice","level":"\u001b[32minfo\u001b[39m","message":"Nest microservice successfully started","time":"2024-05-24 17:34:19","timestamp":"2024-05-24T09:34:19.929Z"}
{"context":"//////////////////////////////////////////////////","level":"\u001b[32minfo\u001b[39m","message":"第 1 次请求","time":"2024-05-24 17:34:22","timestamp":"2024-05-24T09:34:22.601Z"}
{"context":"--------------------------------------------------","level":"\u001b[32minfo\u001b[39m","message":"请求接收","time":"2024-05-24 17:34:22","timestamp":"2024-05-24T09:34:22.602Z"}
{"context":"findAllUser","level":"\u001b[32minfo\u001b[39m","message":"REDIS 请求","time":"2024-05-24 17:34:22","timestamp":"2024-05-24T09:34:22.603Z"}
{"context":"user server findAllUser","level":"\u001b[32minfo\u001b[39m","message":"响应结果","time":"2024-05-24 17:34:22","timestamp":"2024-05-24T09:34:22.604Z"}
{"context":"--------------------------------------------------","level":"\u001b[32minfo\u001b[39m","message":"请求成功","time":"2024-05-24 17:34:22","timestamp":"2024-05-24T09:34:22.604Z"}
{"context":"","level":"\u001b[32minfo\u001b[39m","message":"微服务启动成功","time":"2024-05-24 17:35:23","timestamp":"2024-05-24T09:35:23.251Z"}
{"context":"NestMicroservice","level":"\u001b[32minfo\u001b[39m","message":"Nest microservice successfully started","time":"2024-05-24 17:35:23","timestamp":"2024-05-24T09:35:23.262Z"}
{"context":"//////////////////////////////////////////////////","level":"\u001b[32minfo\u001b[39m","message":"第 1 次请求","time":"2024-05-24 17:35:26","timestamp":"2024-05-24T09:35:26.108Z"}
{"context":"--------------------------------------------------","level":"\u001b[32minfo\u001b[39m","message":"请求接收","time":"2024-05-24 17:35:26","timestamp":"2024-05-24T09:35:26.108Z"}
{"context":"findAllUser","level":"\u001b[32minfo\u001b[39m","message":"REDIS 请求","time":"2024-05-24 17:35:26","timestamp":"2024-05-24T09:35:26.109Z"}
{"context":["findAllUser"],"level":"\u001b[32minfo\u001b[39m","message":"请求参数","time":"2024-05-24 17:35:26","timestamp":"2024-05-24T09:35:26.109Z"}
{"context":"user server findAllUser","level":"\u001b[32minfo\u001b[39m","message":"响应结果","time":"2024-05-24 17:35:26","timestamp":"2024-05-24T09:35:26.110Z"}
{"context":"--------------------------------------------------","level":"\u001b[32minfo\u001b[39m","message":"请求成功","time":"2024-05-24 17:35:26","timestamp":"2024-05-24T09:35:26.110Z"}
{"context":"","level":"\u001b[32minfo\u001b[39m","message":"微服务启动成功","time":"2024-05-24 17:36:40","timestamp":"2024-05-24T09:36:40.678Z"}
{"context":"NestMicroservice","level":"\u001b[32minfo\u001b[39m","message":"Nest microservice successfully started","time":"2024-05-24 17:36:40","timestamp":"2024-05-24T09:36:40.691Z"}
